SF:lib/core/result/failure.dart
DA:4,2
LF:1
LH:1
end_of_record
SF:lib/core/result/result.dart
DA:6,3
DA:12,2
LF:2
LH:2
end_of_record
SF:lib/feature/episodes/domain/entities/character_entity.dart
DA:8,5
DA:14,2
DA:15,8
LF:3
LH:3
end_of_record
SF:lib/feature/episodes/domain/entities/episode_entity.dart
DA:10,5
DA:16,2
DA:17,8
LF:3
LH:3
end_of_record
SF:lib/feature/episodes/domain/usecases/get_episode_usecase.dart
DA:9,1
DA:11,1
DA:12,2
LF:3
LH:3
end_of_record
SF:lib/feature/episodes/domain/usecases/get_episode_history.dart
DA:7,1
DA:9,1
DA:10,2
LF:3
LH:3
end_of_record
SF:lib/feature/episodes/presentation/bloc/history_cubit.dart
DA:8,3
DA:10,1
DA:12,2
DA:14,2
DA:16,2
DA:18,0
LF:6
LH:5
end_of_record
SF:lib/feature/episodes/presentation/bloc/history_state.dart
DA:6,1
DA:7,1
DA:17,1
DA:19,1
DA:20,2
DA:26,0
DA:28,0
DA:29,0
LF:8
LH:5
end_of_record
SF:lib/feature/episodes/presentation/bloc/episode_cubit.dart
DA:9,3
DA:11,1
DA:12,2
DA:14,2
DA:17,1
DA:18,3
DA:20,1
DA:21,4
LF:8
LH:8
end_of_record
SF:lib/feature/episodes/presentation/bloc/episode_state.dart
DA:6,1
DA:8,1
DA:9,1
DA:13,1
DA:17,1
DA:23,1
DA:25,1
DA:26,2
DA:32,1
DA:34,1
DA:35,2
LF:11
LH:11
end_of_record
SF:lib/feature/episodes/data/models/characters_model.dart
DA:4,1
DA:10,0
DA:11,0
DA:12,0
DA:13,0
DA:14,0
DA:18,0
DA:19,0
LF:8
LH:1
end_of_record
SF:lib/feature/episodes/data/models/episode_model.dart
DA:5,1
DA:10,0
DA:14,0
DA:15,0
DA:16,0
LF:5
LH:1
end_of_record
SF:lib/feature/episodes/data/repositories/episodes_repository_impl.dart
DA:12,1
DA:17,1
DA:20,2
DA:22,2
DA:24,1
DA:26,2
DA:29,1
DA:32,0
DA:36,0
DA:38,0
LF:10
LH:7
end_of_record
